0 info it worked if it ends with ok
1 verbose cli [ 'C:\\Program Files\\nodejs\\node.exe',
1 verbose cli   'C:\\Program Files\\nodejs\\node_modules\\npm\\bin\\npm-cli.js',
1 verbose cli   'run',
1 verbose cli   'vsc-run-mongo' ]
2 info using npm@3.10.10
3 info using node@v6.9.3
4 verbose run-script [ 'prevsc-run-mongo', 'vsc-run-mongo', 'postvsc-run-mongo' ]
5 info lifecycle fcc-urlshortener-microservice@0.0.1~prevsc-run-mongo: fcc-urlshortener-microservice@0.0.1
6 silly lifecycle fcc-urlshortener-microservice@0.0.1~prevsc-run-mongo: no script for prevsc-run-mongo, continuing
7 info lifecycle fcc-urlshortener-microservice@0.0.1~vsc-run-mongo: fcc-urlshortener-microservice@0.0.1
8 verbose lifecycle fcc-urlshortener-microservice@0.0.1~vsc-run-mongo: unsafe-perm in lifecycle true
9 verbose lifecycle fcc-urlshortener-microservice@0.0.1~vsc-run-mongo: PATH: C:\Program Files\nodejs\node_modules\npm\bin\node-gyp-bin;C:\node\fcc-urlshortener-microservice\node_modules\.bin;C:\Program Files (x86)\Intel\iCLS Client\;C:\Program Files\Intel\iCLS Client\;C:\Windows\system32;C:\Windows;C:\Windows\System32\Wbem;C:\Windows\System32\WindowsPowerShell\v1.0\;C:\Program Files (x86)\Intel\Intel(R) Management Engine Components\DAL;C:\Program Files\Intel\Intel(R) Management Engine Components\DAL;C:\Program Files (x86)\Intel\Intel(R) Management Engine Components\IPT;C:\Program Files\Intel\Intel(R) Management Engine Components\IPT;C:\Program Files (x86)\NVIDIA Corporation\PhysX\Common;C:\Program Files\nodejs\;C:\WINDOWS\system32;C:\WINDOWS;C:\WINDOWS\System32\Wbem;C:\WINDOWS\System32\WindowsPowerShell\v1.0\;C:\Program Files\Git\cmd;C:\Program Files\MongoDB\Server\3.4\bin\;C:\Program Files (x86)\Microsoft VS Code\bin;C:\Users\culli\AppData\Roaming\npm;C:\Users\culli\AppData\Local\Microsoft\WindowsApps
10 verbose lifecycle fcc-urlshortener-microservice@0.0.1~vsc-run-mongo: CWD: C:\node\fcc-urlshortener-microservice
11 silly lifecycle fcc-urlshortener-microservice@0.0.1~vsc-run-mongo: Args: [ '/d /s /c', 'mongod --port 27017 --dbpath=./data' ]
12 silly lifecycle fcc-urlshortener-microservice@0.0.1~vsc-run-mongo: Returned: code: 3221225786  signal: null
13 info lifecycle fcc-urlshortener-microservice@0.0.1~vsc-run-mongo: Failed to exec vsc-run-mongo script
14 verbose stack Error: fcc-urlshortener-microservice@0.0.1 vsc-run-mongo: `mongod --port 27017 --dbpath=./data`
14 verbose stack Exit status 3221225786
14 verbose stack     at EventEmitter.<anonymous> (C:\Program Files\nodejs\node_modules\npm\lib\utils\lifecycle.js:255:16)
14 verbose stack     at emitTwo (events.js:106:13)
14 verbose stack     at EventEmitter.emit (events.js:191:7)
14 verbose stack     at ChildProcess.<anonymous> (C:\Program Files\nodejs\node_modules\npm\lib\utils\spawn.js:40:14)
14 verbose stack     at emitTwo (events.js:106:13)
14 verbose stack     at ChildProcess.emit (events.js:191:7)
14 verbose stack     at maybeClose (internal/child_process.js:877:16)
14 verbose stack     at Process.ChildProcess._handle.onexit (internal/child_process.js:226:5)
15 verbose pkgid fcc-urlshortener-microservice@0.0.1
16 verbose cwd C:\node\fcc-urlshortener-microservice
17 error Windows_NT 10.0.14393
18 error argv "C:\\Program Files\\nodejs\\node.exe" "C:\\Program Files\\nodejs\\node_modules\\npm\\bin\\npm-cli.js" "run" "vsc-run-mongo"
19 error node v6.9.3
20 error npm  v3.10.10
21 error code ELIFECYCLE
22 error fcc-urlshortener-microservice@0.0.1 vsc-run-mongo: `mongod --port 27017 --dbpath=./data`
22 error Exit status 3221225786
23 error Failed at the fcc-urlshortener-microservice@0.0.1 vsc-run-mongo script 'mongod --port 27017 --dbpath=./data'.
23 error Make sure you have the latest version of node.js and npm installed.
23 error If you do, this is most likely a problem with the fcc-urlshortener-microservice package,
23 error not with npm itself.
23 error Tell the author that this fails on your system:
23 error     mongod --port 27017 --dbpath=./data
23 error You can get information on how to open an issue for this project with:
23 error     npm bugs fcc-urlshortener-microservice
23 error Or if that isn't available, you can get their info via:
23 error     npm owner ls fcc-urlshortener-microservice
23 error There is likely additional logging output above.
24 verbose exit [ 1, true ]
